This is e-pTeX, Version 3.14159265-p3.8.0-180226-2.6 (utf8.sjis) (TeX Live 2018/W32TeX) (preloaded format=platex 2018.6.22)  29 JUL 2019 18:00
entering extended mode
 restricted \write18 enabled.
 %&-line parsing enabled.
**vrsj2019.tex
(./vrsj2019.tex
pLaTeX2e <2018-04-01>+1 (based on LaTeX2e <2018-04-01> patch level 2)
Babel <3.18> and hyphenation patterns for 84 language(s) loaded.
(c:/texlive/2018/texmf-dist/tex/platex/base/jarticle.cls
Document Class: jarticle 2018/02/04 v1.7h Standard pLaTeX class
\c@@paper=\count83
(c:/texlive/2018/texmf-dist/tex/platex/base/jsize10.clo
File: jsize10.clo 2018/02/04 v1.7h Standard pLaTeX file (size option)
)
\c@part=\count84
\c@section=\count85
\c@subsection=\count86
\c@subsubsection=\count87
\c@paragraph=\count88
\c@subparagraph=\count89
\c@figure=\count90
\c@table=\count91
\abovecaptionskip=\skip41
\belowcaptionskip=\skip42
\symmincho=\mathgroup4
LaTeX Font Info:    Overwriting symbol font `mincho' in version `bold'
(Font)                  JY1/mc/m/n --> JY1/gt/m/n on input line 614.
\toclineskip=\dimen118
\@lnumwidth=\dimen119
\bibindent=\dimen120
\heisei=\count92
) (./vrsjj.sty)
(c:/texlive/2018/texmf-dist/tex/latex/graphics/graphicx.sty
Package: graphicx 2017/06/01 v1.1a Enhanced LaTeX Graphics (DPC,SPQR)

(c:/texlive/2018/texmf-dist/tex/latex/graphics/keyval.sty
Package: keyval 2014/10/28 v1.15 key=value parser (DPC)
\KV@toks@=\toks15
)
(c:/texlive/2018/texmf-dist/tex/latex/graphics/graphics.sty
Package: graphics 2017/06/25 v1.2c Standard LaTeX Graphics (DPC,SPQR)

(c:/texlive/2018/texmf-dist/tex/latex/graphics/trig.sty
Package: trig 2016/01/03 v1.10 sin cos tan (DPC)
)
(c:/texlive/2018/texmf-dist/tex/latex/graphics-cfg/graphics.cfg
File: graphics.cfg 2016/06/04 v1.11 sample graphics configuration
)
Package graphics Info: Driver file: dvipdfmx.def on input line 99.

(c:/texlive/2018/texmf-dist/tex/latex/graphics-def/dvipdfmx.def
File: dvipdfmx.def 2017/06/24 v5.0g Graphics/color driver for dvipdfmx
))
\Gin@req@height=\dimen121
\Gin@req@width=\dimen122
)
(./balance.sty
Package: balance 1999/02/23 4.3 (PWD)
\oldvsize=\dimen123
)
\c@vrsjyear=\count93
\c@vrsjmonth=\count94
\c@vrsjnum=\count95
 (./vrsj2019.aux)
\openout1 = `vrsj2019.aux'.

LaTeX Font Info:    Checking defaults for OML/cmm/m/it on input line 36.
LaTeX Font Info:    ... okay on input line 36.
LaTeX Font Info:    Checking defaults for T1/cmr/m/n on input line 36.
LaTeX Font Info:    ... okay on input line 36.
LaTeX Font Info:    Checking defaults for OT1/cmr/m/n on input line 36.
LaTeX Font Info:    ... okay on input line 36.
LaTeX Font Info:    Checking defaults for OMS/cmsy/m/n on input line 36.
LaTeX Font Info:    ... okay on input line 36.
LaTeX Font Info:    Checking defaults for OMX/cmex/m/n on input line 36.
LaTeX Font Info:    ... okay on input line 36.
LaTeX Font Info:    Checking defaults for U/cmr/m/n on input line 36.
LaTeX Font Info:    ... okay on input line 36.
LaTeX Font Info:    Checking defaults for JY1/mc/m/n on input line 36.
LaTeX Font Info:    ... okay on input line 36.
LaTeX Font Info:    Checking defaults for JT1/mc/m/n on input line 36.
LaTeX Font Info:    ... okay on input line 36.
File: logo.eps Graphic file (type eps)
<logo.eps>
LaTeX Font Info:    Font shape `JT1/mc/bx/n' in size <9> not available
(Font)              Font shape `JT1/gt/m/n' tried instead on input line 61.
LaTeX Font Info:    Font shape `JY1/mc/bx/n' in size <9> not available
(Font)              Font shape `JY1/gt/m/n' tried instead on input line 61.
LaTeX Font Info:    Font shape `JT1/mc/bx/n' in size <17.28> not available
(Font)              Font shape `JT1/gt/m/n' tried instead on input line 61.
LaTeX Font Info:    Font shape `JY1/mc/bx/n' in size <17.28> not available
(Font)              Font shape `JY1/gt/m/n' tried instead on input line 61.
LaTeX Font Info:    External font `cmex10' loaded for size
(Font)              <7> on input line 61.
LaTeX Font Info:    External font `cmex10' loaded for size
(Font)              <5> on input line 61.
LaTeX Font Info:    External font `cmex10' loaded for size
(Font)              <9> on input line 61.
LaTeX Font Info:    External font `cmex10' loaded for size
(Font)              <6> on input line 61.
LaTeX Font Info:    Font shape `JT1/mc/bx/n' in size <10> not available
(Font)              Font shape `JT1/gt/m/n' tried instead on input line 64.
LaTeX Font Info:    Font shape `JY1/mc/bx/n' in size <10> not available
(Font)              Font shape `JY1/gt/m/n' tried instead on input line 64.
File: device.eps Graphic file (type eps)
<device.eps>
 [1


]
File: hikaku.eps Graphic file (type eps)
<hikaku.eps>
File: tile.eps Graphic file (type eps)
<tile.eps>
File: exp.eps Graphic file (type eps)
<exp.eps>
File: res.eps Graphic file (type eps)
<res.eps>
 [2] (./vrsj2019.bbl

LaTeX Font Warning: Font shape `JT1/gt/m/it' undefined
(Font)              using `JT1/gt/m/n' instead on input line 7.


LaTeX Font Warning: Font shape `JY1/gt/m/it' undefined
(Font)              using `JY1/gt/m/n' instead on input line 7.

) [3] (./vrsj2019.aux)

LaTeX Font Warning: Some font shapes were not available, defaults substituted.

 ) 
Here is how much of TeX's memory you used:
 758 strings out of 493281
 8936 string characters out of 6148126
 79861 words of memory out of 5000000
 4721 multiletter control sequences out of 15000+600000
 13789 words of font info for 54 fonts, out of 8000000 for 9000
 929 hyphenation exceptions out of 8191
 25i,5n,22p,839b,337s stack positions out of 5000i,500n,10000p,200000b,80000s

Output written on vrsj2019.dvi (3 pages, 17612 bytes).
